1516423884841	geckodriver	INFO	geckodriver 0.19.1
1516423884851	geckodriver	INFO	Listening on 127.0.0.1:60880
1516423887916	mozrunner::runner	INFO	Running command: "C:\\Program Files\\Mozilla Firefox\\firefox.exe" "-marionette" "-profile" "C:\\Users\\brade\\AppData\\Local\\Temp\\rust_mozprofile.N9zbTJPHAsMw"
1516423888600	Marionette	INFO	Enabled via --marionette
[Child 19392, Chrome_ChildThread] WARNING: pipe error: 109: file z:/build/build/src/ipc/chromium/src/chrome/common/ipc_channel_win.cc, line 346
[Child 19392, Chrome_ChildThread] WARNING: pipe error: 109: file z:/build/build/src/ipc/chromium/src/chrome/common/ipc_channel_win.cc, line 346
1516423890191	Marionette	INFO	Listening on port 60891
1516423891348	Marionette	WARN	TLS certificate errors will be ignored for this session
1516423891433	Marionette	DEBUG	Register listener.js for window 4294967297
1516423891992	Marionette	DEBUG	Received DOM event "beforeunload" for "about:blank"
1516423892940	Marionette	DEBUG	Received DOM event "pagehide" for "about:blank"
1516423892940	Marionette	DEBUG	Received DOM event "unload" for "about:blank"
1516423895963	Marionette	DEBUG	Received DOM event "DOMContentLoaded" for "https://www.python.org/"
1516423896102	Marionette	DEBUG	Received DOM event "pageshow" for "https://www.python.org/"
1516424347363	geckodriver	INFO	geckodriver 0.19.1
1516424347369	geckodriver	INFO	Listening on 127.0.0.1:61435
1516424350417	mozrunner::runner	INFO	Running command: "C:\\Program Files\\Mozilla Firefox\\firefox.exe" "-marionette" "-profile" "C:\\Users\\brade\\AppData\\Local\\Temp\\rust_mozprofile.4iqW77FJJyOt"
1516424351039	Marionette	INFO	Enabled via --marionette
[Child 6424, Chrome_ChildThread] WARNING: pipe error: 109: file z:/build/build/src/ipc/chromium/src/chrome/common/ipc_channel_win.cc, line 346
[Child 6424, Chrome_ChildThread] WARNING: pipe error: 109: file z:/build/build/src/ipc/chromium/src/chrome/common/ipc_channel_win.cc, line 346
1516424352481	Marionette	INFO	Listening on port 61446
1516424353533	Marionette	WARN	TLS certificate errors will be ignored for this session
1516424353568	Marionette	DEBUG	Register listener.js for window 4294967297
1516424353580	Marionette	DEBUG	Received DOM event "beforeunload" for "about:blank"
1516424353862	Marionette	DEBUG	Received DOM event "pagehide" for "about:blank"
1516424353863	Marionette	DEBUG	Received DOM event "unload" for "about:blank"
1516424354277	Marionette	DEBUG	Received DOM event "DOMContentLoaded" for "https://www.python.org/"
1516424354364	Marionette	DEBUG	Received DOM event "pageshow" for "https://www.python.org/"
[Child 9484, Chrome_ChildThread] WARNING: pipe error: 109: file z:/build/build/src/ipc/chromium/src/chrome/common/ipc_channel_win.cc, line 346
[Child 9484, Chrome_ChildThread] WARNING: pipe error: 109: file z:/build/build/src/ipc/chromium/src/chrome/common/ipc_channel_win.cc, line 346
[Parent 19128, Gecko_IOThread] WARNING: pipe error: 109: file z:/build/build/src/ipc/chromium/src/chrome/common/ipc_channel_win.cc, line 346
[Parent 19128, Gecko_IOThread] WARNING: pipe error: 109: file z:/build/build/src/ipc/chromium/src/chrome/common/ipc_channel_win.cc, line 346
[Child 8688, Chrome_ChildThread] WARNING: pipe error: 109: file z:/build/build/src/ipc/chromium/src/chrome/common/ipc_channel_win.cc, line 346
[Child 2416, Chrome_ChildThread] WARNING: pipe error: 109: file z:/build/build/src/ipc/chromium/src/chrome/common/ipc_channel_win.cc, line 346

###!!! [Child][MessageChannel::SendAndWait] Error: Channel error: cannot send/recv

